[debug] [2019-07-10T03:01:32.082Z] ----------------------------------------------------------------------
[debug] [2019-07-10T03:01:32.086Z] Command:       /home/roy/.nvm/versions/node/v10.16.0/bin/node /home/roy/.nvm/versions/node/v10.16.0/bin/firebase deploy
[debug] [2019-07-10T03:01:32.086Z] CLI Version:   7.0.2
[debug] [2019-07-10T03:01:32.086Z] Platform:      linux
[debug] [2019-07-10T03:01:32.087Z] Node Version:  v10.16.0
[debug] [2019-07-10T03:01:32.087Z] Time:          Tue Jul 09 2019 20:01:32 GMT-0700 (Pacific Daylight Time)
[debug] [2019-07-10T03:01:32.087Z] ----------------------------------------------------------------------
[debug] 
[debug] [2019-07-10T03:01:32.097Z] > command requires scopes: ["email","openid","https://www.googleapis.com/auth/cloudplatformprojects.readonly","https://www.googleapis.com/auth/firebase","https://www.googleapis.com/auth/cloud-platform"]
[debug] [2019-07-10T03:01:32.097Z] > authorizing via signed-in user
[debug] [2019-07-10T03:01:32.097Z] [iam] checking project gridz-3e12d for permissions ["datastore.indexes.create","datastore.indexes.delete","datastore.indexes.list","datastore.indexes.update","firebase.projects.get","firebasehosting.sites.update","firebaserules.releases.create","firebaserules.releases.update","firebaserules.rulesets.create"]
[debug] [2019-07-10T03:01:32.099Z] >>> HTTP REQUEST POST https://cloudresourcemanager.googleapis.com/v1/projects/gridz-3e12d:testIamPermissions  

[debug] [2019-07-10T03:01:32.268Z] <<< HTTP RESPONSE 200
[debug] [2019-07-10T03:01:32.272Z] >>> HTTP REQUEST GET https://firebase.googleapis.com/v1beta1/projects/gridz-3e12d  
 
[debug] [2019-07-10T03:01:32.416Z] <<< HTTP RESPONSE 200
[info] 
[info] === Deploying to 'gridz-3e12d'...
[info] 
[info] i  deploying storage, firestore, hosting
[debug] [2019-07-10T03:01:32.419Z] >>> HTTP REQUEST GET https://appengine.googleapis.com/v1/apps/gridz-3e12d  
 
[debug] [2019-07-10T03:01:32.865Z] <<< HTTP RESPONSE 200
[info] i  storage: checking storage.rules for compilation errors...
[debug] [2019-07-10T03:01:32.868Z] >>> HTTP REQUEST POST https://firebaserules.googleapis.com/v1/projects/gridz-3e12d:test  

[debug] [2019-07-10T03:01:33.169Z] <<< HTTP RESPONSE 200
[info] ✔  storage: rules file storage.rules compiled successfully
[info] i  firestore: checking firestore.rules for compilation errors...
[info] i  firestore: reading indexes from firestore.indexes.json...
[debug] [2019-07-10T03:01:33.173Z] >>> HTTP REQUEST POST https://firebaserules.googleapis.com/v1/projects/gridz-3e12d:test  

[debug] [2019-07-10T03:01:33.464Z] <<< HTTP RESPONSE 200
[info] ✔  firestore: rules file firestore.rules compiled successfully
[debug] [2019-07-10T03:01:33.466Z] >>> HTTP REQUEST POST https://firebasehosting.googleapis.com/v1beta1/sites/gridz-3e12d/versions  

[debug] [2019-07-10T03:01:34.796Z] <<< HTTP RESPONSE 200
[info] i  storage: uploading rules storage.rules...
[debug] [2019-07-10T03:01:34.798Z] >>> HTTP REQUEST POST https://firebaserules.googleapis.com/v1/projects/gridz-3e12d/rulesets  

[debug] [2019-07-10T03:01:35.164Z] <<< HTTP RESPONSE 200
[debug] [2019-07-10T03:01:35.165Z] [rules] created ruleset projects/gridz-3e12d/rulesets/59c02f48-3d96-4074-ac76-3844838f7821
[info] i  firestore: uploading rules firestore.rules...
[debug] [2019-07-10T03:01:35.170Z] >>> HTTP REQUEST POST https://firebaserules.googleapis.com/v1/projects/gridz-3e12d/rulesets  

[debug] [2019-07-10T03:01:35.171Z] >>> HTTP REQUEST GET https://firestore.googleapis.com/v1beta2/projects/gridz-3e12d/databases/(default)/collectionGroups/-/indexes  
 
[debug] [2019-07-10T03:01:35.321Z] <<< HTTP RESPONSE 200
[debug] [2019-07-10T03:01:35.321Z] [rules] created ruleset projects/gridz-3e12d/rulesets/aff97f50-f9a2-42bf-9a00-e55e1d876faf
[debug] [2019-07-10T03:01:35.540Z] <<< HTTP RESPONSE 200
[debug] [2019-07-10T03:01:35.541Z] >>> HTTP REQUEST GET https://firestore.googleapis.com/v1beta2/projects/gridz-3e12d/databases/(default)/collectionGroups/-/fields?filter=indexConfig.usesAncestorConfig=false  
 
[debug] [2019-07-10T03:01:35.903Z] <<< HTTP RESPONSE 200
[info] ✔  firestore: deployed indexes in firestore.indexes.json successfully
[info] i  hosting[gridz-3e12d]: beginning deploy...
[info] i  hosting[gridz-3e12d]: found 307 files in build
[debug] [2019-07-10T03:01:35.986Z] [hosting] hash cache [YnVpbGQ] not populated
[debug] [2019-07-10T03:01:46.358Z] [hosting] hash cache [YnVpbGQ] stored for 307 files
[debug] [2019-07-10T03:01:46.358Z] [hosting][hash queue][FINAL]
[debug] [2019-07-10T03:01:46.359Z] >>> HTTP REQUEST POST https://firebasehosting.googleapis.com/v1beta1/sites/gridz-3e12d/versions/c96473948e5e662b:populateFiles  
 <request body omitted>
